app/build/intermediates/manifest_merge_blame_file/debug/manifest-merger-blame-debug-report.txt
1<?xml version="1.0" encoding="utf-8"?>
2<manifest xmlns:android="http://schemas.android.com/apk/res/android"
3    package="com.VCP_bluetooth.le" >
4
5    <uses-sdk
6        android:minSdkVersion="18"
6-->src/main/AndroidManifest.xml
7        android:targetSdkVersion="21" />
7-->src/main/AndroidManifest.xml
8
9    <uses-feature
9-->src/main/AndroidManifest.xml:5:5-89
10        android:name="android.hardware.bluetooth_le"
10-->src/main/AndroidManifest.xml:5:19-63
11        android:required="true" />
11-->src/main/AndroidManifest.xml:5:64-87
12
13    <uses-permission android:name="android.permission.BLUETOOTH" />
13-->src/main/AndroidManifest.xml:6:5-68
13-->src/main/AndroidManifest.xml:6:22-65
14    <uses-permission android:name="android.permission.BLUETOOTH_ADMIN" />
14-->src/main/AndroidManifest.xml:7:5-74
14-->src/main/AndroidManifest.xml:7:22-71
15    <uses-permission android:name="android.permission.VIBRATE" />
15-->src/main/AndroidManifest.xml:8:5-65
15-->src/main/AndroidManifest.xml:8:22-63
16
17    <application
17-->src/main/AndroidManifest.xml:10:5-33:19
18        android:name="com.VCP_191202_Final.MyApplication"
18-->src/main/AndroidManifest.xml:11:9-58
19        android:debuggable="true"
20        android:icon="@drawable/ic_launcher"
20-->src/main/AndroidManifest.xml:12:9-45
21        android:label="@string/app_name"
21-->src/main/AndroidManifest.xml:14:9-41
22        android:theme="@android:style/Theme.Holo.Light" >
22-->src/main/AndroidManifest.xml:13:9-56
23        <activity
23-->src/main/AndroidManifest.xml:15:9-22:20
24            android:name="com.VCP_191202_Final.Device_Boot"
24-->src/main/AndroidManifest.xml:16:13-60
25            android:theme="@android:style/Theme.Holo.Light.NoActionBar.Fullscreen" >
25-->src/main/AndroidManifest.xml:17:13-83
26            <intent-filter>
26-->src/main/AndroidManifest.xml:18:13-21:29
27                <action android:name="android.intent.action.MAIN" />
27-->src/main/AndroidManifest.xml:19:17-68
27-->src/main/AndroidManifest.xml:19:25-66
28
29                <category android:name="android.intent.category.LAUNCHER" />
29-->src/main/AndroidManifest.xml:20:17-76
29-->src/main/AndroidManifest.xml:20:27-74
30            </intent-filter>
31        </activity>
32        <activity
32-->src/main/AndroidManifest.xml:24:9-26:15
33            android:name="com.VCP_191202_Final.Device_Scan"
33-->src/main/AndroidManifest.xml:24:19-66
34            android:theme="@android:style/Theme.Holo.Light" />
34-->src/main/AndroidManifest.xml:25:13-60
35        <activity
35-->src/main/AndroidManifest.xml:27:9-28:48
36            android:name="com.VCP_191202_Final.Device_Main"
36-->src/main/AndroidManifest.xml:27:19-66
37            android:launchMode="singleTask" />
37-->src/main/AndroidManifest.xml:28:13-46
38
39        <service
39-->src/main/AndroidManifest.xml:29:9-97
40            android:name="com.VCP_191202_Final.BluetoothLeService"
40-->src/main/AndroidManifest.xml:29:18-72
41            android:enabled="true" />
41-->src/main/AndroidManifest.xml:29:73-95
42
43        <activity
43-->src/main/AndroidManifest.xml:30:9-32:48
44            android:name="com.VCP_191202_Final.WarningPopUp"
44-->src/main/AndroidManifest.xml:31:13-61
45            android:launchMode="singleTask"
45-->src/main/AndroidManifest.xml:32:13-46
46            android:theme="@android:style/Theme.Dialog" />
46-->src/main/AndroidManifest.xml:31:62-105
47    </application>
48
49</manifest>